<?xml version="1.0" encoding="UTF-8"?>
<!-- Generated by org.testng.reporters.JUnitReportReporter -->
<testsuite skipped="0" hostname="NBTaras1" name="tests.TestCaseLoginLinks" tests="2" failures="0" timestamp="25 жовт. 2017 11:43:00 GMT" time="8.111" errors="0">
  <testcase name="register" time="3.616" classname="tests.TestCaseLoginLinks"/>
  <testcase name="support" time="4.495" classname="tests.TestCaseLoginLinks"/>
</testsuite> <!-- tests.TestCaseLoginLinks -->
