<?xml version="1.0" encoding="UTF-8"?>
<!-- Generated by org.testng.reporters.JUnitReportReporter -->
<testsuite skipped="0" hostname="NBTaras1" name="tests.TestCase" tests="1" failures="0" timestamp="25 жовт. 2017 11:43:00 GMT" time="11.709" errors="0">
  <testcase name="test_Home_Page_Appear_Correct" time="11.709" classname="tests.TestCase"/>
</testsuite> <!-- tests.TestCase -->
