<?xml version="1.0" encoding="UTF-8"?>
<!-- Generated by org.testng.reporters.JUnitReportReporter -->
<testsuite skipped="0" hostname="NBTaras1" name="tests.TestCaseNotValidAutorization" tests="1" failures="0" timestamp="25 жовт. 2017 11:43:00 GMT" time="2.101" errors="0">
  <testcase name="test_Home_Page_Appear_Correct" time="2.101" classname="tests.TestCaseNotValidAutorization"/>
</testsuite> <!-- tests.TestCaseNotValidAutorization -->
