<?xml version="1.0" encoding="UTF-8"?>
<!-- Generated by org.testng.reporters.JUnitReportReporter -->
<testsuite skipped="0" hostname="NBTaras1" name="tests.TestNewClaim" tests="1" failures="0" timestamp="25 жовт. 2017 11:43:00 GMT" time="5.769" errors="0">
  <testcase name="support" time="5.769" classname="tests.TestNewClaim"/>
</testsuite> <!-- tests.TestNewClaim -->
